<?xml version="1.0" encoding="UTF-8"?>
<testng-results ignored="0" total="3" passed="3" failed="0" skipped="0">
  <reporter-output>
  </reporter-output>
  <suite started-at="2024-02-27T20:00:51 BDT" name="Default suite" finished-at="2024-02-27T20:01:07 BDT" duration-ms="15400">
    <groups>
    </groups>
    <test started-at="2024-02-27T20:00:51 BDT" name="Default test" finished-at="2024-02-27T20:01:07 BDT" duration-ms="15400">
      <class name="package3.testNG_code">
        <test-method is-config="true" signature="initialization()[pri:0, instance:package3.testNG_code@60099951]" started-at="2024-02-27T20:00:51 BDT" name="initialization" finished-at="2024-02-27T20:01:00 BDT" duration-ms="8260" status="PASS">
          <reporter-output>
          </reporter-output>
        </test-method> <!-- initialization -->
        <test-method signature="navigateToContact()[pri:0, instance:package3.testNG_code@60099951]" started-at="2024-02-27T20:01:00 BDT" name="navigateToContact" finished-at="2024-02-27T20:01:06 BDT" duration-ms="6862" status="PASS">
          <reporter-output>
          </reporter-output>
        </test-method> <!-- navigateToContact -->
        <test-method signature="clickOnRadioBtn()[pri:0, instance:package3.testNG_code@60099951]" started-at="2024-02-27T20:01:06 BDT" name="clickOnRadioBtn" finished-at="2024-02-27T20:01:07 BDT" depends-on-methods="package3.testNG_code.navigateToContact" duration-ms="68" status="PASS">
          <reporter-output>
          </reporter-output>
        </test-method> <!-- clickOnRadioBtn -->
        <test-method signature="test3()[pri:0, instance:package3.testNG_code@60099951]" started-at="2024-02-27T20:01:07 BDT" name="test3" finished-at="2024-02-27T20:01:07 BDT" depends-on-methods="package3.testNG_code.clickOnRadioBtn" duration-ms="5" status="PASS">
          <reporter-output>
          </reporter-output>
        </test-method> <!-- test3 -->
        <test-method is-config="true" signature="closeWindow()[pri:0, instance:package3.testNG_code@60099951]" started-at="2024-02-27T20:01:07 BDT" name="closeWindow" finished-at="2024-02-27T20:01:07 BDT" duration-ms="147" status="PASS">
          <reporter-output>
          </reporter-output>
        </test-method> <!-- closeWindow -->
      </class> <!-- package3.testNG_code -->
    </test> <!-- Default test -->
  </suite> <!-- Default suite -->
</testng-results>
