<?xml version="1.0" encoding="UTF-8"?>
<!-- Generated by org.testng.reporters.JUnitXMLReporter -->
<testsuite ignored="0" hostname="DESKTOP-U37PG88" failures="0" tests="3" name="Default test" time="15.4" errors="0" timestamp="2024-02-27T20:01:07 BDT">
  <testcase classname="package3.testNG_code" name="navigateToContact" time="6.862"/>
  <testcase classname="package3.testNG_code" name="clickOnRadioBtn" time="0.068"/>
  <testcase classname="package3.testNG_code" name="test3" time="0.005"/>
</testsuite> <!-- Default test -->
